<?xml version="1.0" encoding="UTF-8"?>
<testsuite xmlns:xsi="http://www.w3.org/2001/XMLSchema-instance" xsi:noNamespaceSchemaLocation="https://maven.apache.org/surefire/maven-surefire-plugin/xsd/surefire-test-report.xsd" name="com.example.demo.controllers.UserControllerTest" time="2.199" tests="3" errors="0" skipped="0" failures="0">
  <properties>
[...]
</properties>
  <testcase name="create_user_happy_path" classname="com.example.demo.controllers.UserControllerTest" time="2.026"/>
  <testcase name="find_user_by_id_happy_path" classname="com.example.demo.controllers.UserControllerTest" time="0.002"/>
  <testcase name="find_user_by_name_happy_path" classname="com.example.demo.controllers.UserControllerTest" time="0.003"/>
</testsuite>